<?xml version="1.0" encoding="UTF-8"?>
<!-- Generated by org.testng.reporters.JUnitReportReporter -->
<testsuite hostname="LIN-PG02P4C0" failures="0" tests="6" name="Reports.ExtentReport" time="257.506" errors="0" timestamp="2024-10-15T09:06:19 IST" skipped="0">
  <testcase classname="Reports.ExtentReport" name="Searchfact" time="34.254"/>
  <testcase classname="Reports.ExtentReport" name="OwnerProperties" time="49.454"/>
  <testcase classname="Reports.ExtentReport" name="Localities" time="28.975"/>
  <testcase classname="Reports.ExtentReport" name="Localities1" time="29.872"/>
  <testcase classname="Reports.ExtentReport" name="Newproj" time="49.205"/>
  <testcase classname="Reports.ExtentReport" name="Verification" time="65.746"/>
</testsuite> <!-- Reports.ExtentReport -->
